<?xml version="1.0" encoding="UTF-8"?>
<testng-results skipped="0" failed="0" total="2" passed="2">
  <reporter-output>
  </reporter-output>
  <suite name="Default suite" duration-ms="3113" started-at="2020-11-29T19:45:58Z" finished-at="2020-11-29T19:46:01Z">
    <groups>
    </groups>
    <test name="Default test" duration-ms="3113" started-at="2020-11-29T19:45:58Z" finished-at="2020-11-29T19:46:01Z">
      <class name="AddBook">
        <test-method status="PASS" signature="addBook(java.lang.String, java.lang.String)[pri:0, instance:AddBook@39c0f4a]" name="addBook" duration-ms="2948" started-at="2020-11-30T01:15:58Z" data-provider="getData" finished-at="2020-11-30T01:16:01Z">
          <params>
            <param index="0">
              <value>
                <![CDATA[lkl]]>
              </value>
            </param>
            <param index="1">
              <value>
                <![CDATA[908]]>
              </value>
            </param>
          </params>
          <reporter-output>
          </reporter-output>
        </test-method> <!-- addBook -->
        <test-method status="PASS" signature="addBook(java.lang.String, java.lang.String)[pri:0, instance:AddBook@39c0f4a]" name="addBook" duration-ms="140" started-at="2020-11-30T01:16:01Z" data-provider="getData" finished-at="2020-11-30T01:16:01Z">
          <params>
            <param index="0">
              <value>
                <![CDATA[iou]]>
              </value>
            </param>
            <param index="1">
              <value>
                <![CDATA[890]]>
              </value>
            </param>
          </params>
          <reporter-output>
          </reporter-output>
        </test-method> <!-- addBook -->
      </class> <!-- AddBook -->
    </test> <!-- Default test -->
  </suite> <!-- Default suite -->
</testng-results>
